<?xml version="1.0" encoding="UTF-8"?><testsuite errors="0" failures="1" name="Diligenciamiento forms" skipped="0" tests="1" time="36.74" timestamp="2021-07-08 06:02:13"><testcase name="Acceso al formulario"><failure message="Expected validations&#10;Expected: is &lt;true&gt;&#10;     but: was &lt;false&gt;" type="java.lang.AssertionError">Expected validations
Expected: is &lt;true&gt;
     but: was &lt;false&gt;</failure><system-err>Expected validations
Expected: is &lt;true&gt;
     but: was &lt;false&gt;&#13;
com.demoqa.automation.tasks.ValidacionResultado.performAs(ValidacionResultado.java:53)&#13;
com.demoqa.automation.test.stepdefinitions.HomePageStepdefinitions.validaLosCampos(HomePageStepdefinitions.java:56)&#13;
cucumber.runner.Runner.runPickle(Runner.java:80)&#13;
</system-err></testcase></testsuite>